[debug] [2024-05-29T18:15:58.511Z] ----------------------------------------------------------------------
[debug] [2024-05-29T18:15:58.514Z] Command:       C:\Program Files\nodejs\node.exe C:\Users\biote\AppData\Roaming\npm\node_modules\firebase-tools\lib\bin\firebase.js serve
[debug] [2024-05-29T18:15:58.514Z] CLI Version:   13.10.1
[debug] [2024-05-29T18:15:58.515Z] Platform:      win32
[debug] [2024-05-29T18:15:58.515Z] Node Version:  v20.13.1
[debug] [2024-05-29T18:15:58.515Z] Time:          Wed May 29 2024 13:15:58 GMT-0500 (Central Daylight Time)
[debug] [2024-05-29T18:15:58.515Z] ----------------------------------------------------------------------
[debug] 
[debug] [2024-05-29T18:15:58.668Z] > command requires scopes: ["email","openid","https://www.googleapis.com/auth/cloudplatformprojects.readonly","https://www.googleapis.com/auth/firebase","https://www.googleapis.com/auth/cloud-platform"]
[debug] [2024-05-29T18:15:58.669Z] > authorizing via signed-in user (skandrigi@gmail.com)
[debug] [2024-05-29T18:15:58.669Z] [iam] checking project quantumbot-b993d for permissions ["firebase.projects.get"]
[debug] [2024-05-29T18:15:58.671Z] >>> [apiv2][query] POST https://cloudresourcemanager.googleapis.com/v1/projects/quantumbot-b993d:testIamPermissions [none]
[debug] [2024-05-29T18:15:58.671Z] >>> [apiv2][(partial)header] POST https://cloudresourcemanager.googleapis.com/v1/projects/quantumbot-b993d:testIamPermissions x-goog-quota-user=projects/quantumbot-b993d
[debug] [2024-05-29T18:15:58.672Z] >>> [apiv2][body] POST https://cloudresourcemanager.googleapis.com/v1/projects/quantumbot-b993d:testIamPermissions {"permissions":["firebase.projects.get"]}
[debug] [2024-05-29T18:15:58.788Z] <<< [apiv2][status] POST https://cloudresourcemanager.googleapis.com/v1/projects/quantumbot-b993d:testIamPermissions 200
[debug] [2024-05-29T18:15:58.788Z] <<< [apiv2][body] POST https://cloudresourcemanager.googleapis.com/v1/projects/quantumbot-b993d:testIamPermissions {"permissions":["firebase.projects.get"]}
[debug] [2024-05-29T18:15:58.788Z] >>> [apiv2][query] GET https://firebase.googleapis.com/v1beta1/projects/quantumbot-b993d [none]
[debug] [2024-05-29T18:15:58.960Z] <<< [apiv2][status] GET https://firebase.googleapis.com/v1beta1/projects/quantumbot-b993d 200
[debug] [2024-05-29T18:15:58.961Z] <<< [apiv2][body] GET https://firebase.googleapis.com/v1beta1/projects/quantumbot-b993d {"projectId":"quantumbot-b993d","projectNumber":"711366590414","displayName":"QuantumBot","name":"projects/quantumbot-b993d","resources":{"hostingSite":"quantumbot-b993d","realtimeDatabaseInstance":"quantumbot-b993d-default-rtdb"},"state":"ACTIVE","etag":"1_cb5ed053-a5aa-443a-a67a-34c8fd3cd5b8"}
[info] 
[info] === Serving from 'C:\Users\biote\quantumbot\QuantumBot_CORE'...
[info] 
[debug] [2024-05-29T18:15:58.970Z] defaultcredentials: writing to file C:\Users\biote\AppData\Roaming\firebase\skandrigi_gmail_com_application_default_credentials.json
[debug] [2024-05-29T18:15:58.971Z] >>> [apiv2][query] GET https://firebasehosting.googleapis.com/v1beta1/projects/quantumbot-b993d/sites 
[debug] [2024-05-29T18:15:58.974Z] Setting GAC to C:\Users\biote\AppData\Roaming\firebase\skandrigi_gmail_com_application_default_credentials.json {"metadata":{"emulator":{"name":"functions"},"message":"Setting GAC to C:\\Users\\biote\\AppData\\Roaming\\firebase\\skandrigi_gmail_com_application_default_credentials.json"}}
[debug] [2024-05-29T18:15:58.974Z] >>> [apiv2][query] GET https://firebase.googleapis.com/v1beta1/projects/quantumbot-b993d/adminSdkConfig [none]
[debug] [2024-05-29T18:15:59.132Z] <<< [apiv2][status] GET https://firebase.googleapis.com/v1beta1/projects/quantumbot-b993d/adminSdkConfig 200
[debug] [2024-05-29T18:15:59.132Z] <<< [apiv2][body] GET https://firebase.googleapis.com/v1beta1/projects/quantumbot-b993d/adminSdkConfig {"projectId":"quantumbot-b993d","databaseURL":"https://quantumbot-b993d-default-rtdb.firebaseio.com","storageBucket":"quantumbot-b993d.appspot.com"}
[debug] [2024-05-29T18:15:59.173Z] <<< [apiv2][status] GET https://firebasehosting.googleapis.com/v1beta1/projects/quantumbot-b993d/sites 200
[debug] [2024-05-29T18:15:59.173Z] <<< [apiv2][body] GET https://firebasehosting.googleapis.com/v1beta1/projects/quantumbot-b993d/sites {"sites":[{"name":"projects/quantumbot-b993d/sites/quantumbot-b993d","defaultUrl":"https://quantumbot-b993d.web.app","type":"DEFAULT_SITE"}]}
[debug] [2024-05-29T18:15:59.173Z] >>> [apiv2][query] GET https://firebase.googleapis.com/v1beta1/projects/quantumbot-b993d/webApps/-/config [none]
[debug] [2024-05-29T18:15:59.477Z] <<< [apiv2][status] GET https://firebase.googleapis.com/v1beta1/projects/quantumbot-b993d/webApps/-/config 200
[debug] [2024-05-29T18:15:59.478Z] <<< [apiv2][body] GET https://firebase.googleapis.com/v1beta1/projects/quantumbot-b993d/webApps/-/config {"projectId":"quantumbot-b993d","appId":"1:711366590414:web:17cebaad046faca79ef59f","databaseURL":"https://quantumbot-b993d-default-rtdb.firebaseio.com","storageBucket":"quantumbot-b993d.appspot.com","apiKey":"AIzaSyCia8oM8crsUXafZhrX3m6eCsLs75BgVt0","authDomain":"quantumbot-b993d.firebaseapp.com","messagingSenderId":"711366590414","measurementId":"G-J97KX4YY95"}
[debug] [2024-05-29T18:15:59.484Z] >>> [apiv2][query] GET https://firebase.googleapis.com/v1beta1/projects/quantumbot-b993d [none]
[debug] [2024-05-29T18:15:59.600Z] <<< [apiv2][status] GET https://firebase.googleapis.com/v1beta1/projects/quantumbot-b993d 200
[debug] [2024-05-29T18:15:59.601Z] <<< [apiv2][body] GET https://firebase.googleapis.com/v1beta1/projects/quantumbot-b993d {"projectId":"quantumbot-b993d","projectNumber":"711366590414","displayName":"QuantumBot","name":"projects/quantumbot-b993d","resources":{"hostingSite":"quantumbot-b993d","realtimeDatabaseInstance":"quantumbot-b993d-default-rtdb"},"state":"ACTIVE","etag":"1_cb5ed053-a5aa-443a-a67a-34c8fd3cd5b8"}
[info] i  functions: Watching "C:\Users\biote\quantumbot\QuantumBot_CORE\functions" for Cloud Functions... {"metadata":{"emulator":{"name":"functions"},"message":"Watching \"C:\\Users\\biote\\quantumbot\\QuantumBot_CORE\\functions\" for Cloud Functions..."}}
[error] !!  functions: Failed to load function definition from source: FirebaseError: could not deploy functions because the "functions" directory was not found. Please create it or specify a different source directory in firebase.json {"metadata":{"emulator":{"name":"functions"},"message":"Failed to load function definition from source: FirebaseError: could not deploy functions because the \u001b[1m\"functions\"\u001b[22m directory was not found. Please create it or specify a different source directory in firebase.json"}}
[info] i  functions: Watching "C:\Users\biote\quantumbot\QuantumBot_CORE\src" for Cloud Functions... {"metadata":{"emulator":{"name":"functions"},"message":"Watching \"C:\\Users\\biote\\quantumbot\\QuantumBot_CORE\\src\" for Cloud Functions..."}}
[info] i  hosting[quantumbot-b993d]: Serving hosting files from: public {"metadata":{"emulator":{"name":"hosting"},"message":"Serving hosting files from: \u001b[1mpublic\u001b[22m"}}
[info] +  hosting[quantumbot-b993d]: Local server: http://localhost:5000 {"metadata":{"emulator":{"name":"hosting"},"message":"Local server: \u001b[4m\u001b[1mhttp://localhost:5000\u001b[22m\u001b[24m"}}
[debug] [2024-05-29T18:15:59.626Z] Validating nodejs source
[debug] [2024-05-29T18:16:00.600Z] > [functions] package.json contents: {
  "name": "functions",
  "description": "Cloud Functions for Firebase",
  "scripts": {
    "lint": "eslint .",
    "serve": "firebase emulators:start --only functions",
    "shell": "firebase functions:shell",
    "start": "npm run shell",
    "deploy": "firebase deploy --only functions",
    "logs": "firebase functions:log"
  },
  "engines": {
    "node": "18"
  },
  "main": "index.js",
  "dependencies": {
    "firebase-admin": "^12.1.0",
    "firebase-functions": "^5.0.0"
  },
  "devDependencies": {
    "eslint": "^8.15.0",
    "eslint-config-google": "^0.14.0",
    "firebase-functions-test": "^3.1.0"
  },
  "private": true
}
[error] !!  functions: Failed to load function definition from source: FirebaseError: There was an error reading src\package.json:

 src\index.js does not exist, can't deploy Cloud Functions {"metadata":{"emulator":{"name":"functions"},"message":"Failed to load function definition from source: FirebaseError: There was an error reading src\\package.json:\n\n src\\index.js does not exist, can't deploy Cloud Functions"}}
[info] i  hosting: ::1 - - [29/May/2024:18:16:01 +0000] "GET / HTTP/1.1" 200 - "-" "Mozilla/5.0 (Windows NT 10.0; Win64; x64) AppleWebKit/537.36 (KHTML, like Gecko) Chrome/123.0.0.0 Safari/537.36 OPR/109.0.0.0" {"metadata":{"emulator":{"name":"hosting"},"message":"::1 - - [29/May/2024:18:16:01 +0000] \"GET / HTTP/1.1\" 200 - \"-\" \"Mozilla/5.0 (Windows NT 10.0; Win64; x64) AppleWebKit/537.36 (KHTML, like Gecko) Chrome/123.0.0.0 Safari/537.36 OPR/109.0.0.0\""}}
[info] i  hosting: ::1 - - [29/May/2024:18:16:02 +0000] "GET /app.js HTTP/1.1" 200 - "http://localhost:5000/" "Mozilla/5.0 (Windows NT 10.0; Win64; x64) AppleWebKit/537.36 (KHTML, like Gecko) Chrome/123.0.0.0 Safari/537.36 OPR/109.0.0.0" {"metadata":{"emulator":{"name":"hosting"},"message":"::1 - - [29/May/2024:18:16:02 +0000] \"GET /app.js HTTP/1.1\" 200 - \"http://localhost:5000/\" \"Mozilla/5.0 (Windows NT 10.0; Win64; x64) AppleWebKit/537.36 (KHTML, like Gecko) Chrome/123.0.0.0 Safari/537.36 OPR/109.0.0.0\""}}
